============================= test session starts ==============================
platform linux -- Python 3.11.0, pytest-8.0.1, pluggy-1.4.0
rootdir: /home/xiayao/Documents/projects/fmsys/mixtera
configfile: setup.cfg
testpaths: mixtera
plugins: cov-4.1.0, metadata-3.1.1, html-4.1.1, console-scripts-1.4.1
collected 94 items

mixtera/tests/core/datacollection/datasets/test_jsonl_dataset.py .....   [  5%]
mixtera/tests/core/datacollection/index/test_parser_collection.py ....   [  9%]
mixtera/tests/core/datacollection/local/test_local_collection.py ....... [ 17%]
.................                                                        [ 35%]
mixtera/tests/core/datacollection/test_data_collection.py ...            [ 38%]
mixtera/tests/core/datacollection/test_property_type.py ..               [ 40%]
mixtera/tests/core/processing/property_calculation/test_executor.py .... [ 44%]
                                                                         [ 44%]
mixtera/tests/core/processing/property_calculation/test_local_executor.py . [ 45%]
......                                                                   [ 52%]
mixtera/tests/core/processing/test_execution_mode.py ..                  [ 54%]
mixtera/tests/core/query/operators/test_base.py .......                  [ 61%]
mixtera/tests/core/query/operators/test_materialize.py .....             [ 67%]
mixtera/tests/core/query/operators/test_select.py .............          [ 80%]
mixtera/tests/core/query/operators/test_union.py ...                     [ 84%]
mixtera/tests/core/query/test_e2e.py ..                                  [ 86%]
mixtera/tests/core/query/test_query.py ..........                        [ 96%]
mixtera/tests/utils/test_utils.py ...                                    [100%]

---------- coverage: platform linux, python 3.11.0-final-0 -----------
Name                                                                        Stmts   Miss  Cover
-----------------------------------------------------------------------------------------------
mixtera/core/datacollection/data_collection.py                                 43     10    77%
mixtera/core/datacollection/datasets/crossaint_dataset.py                      16      3    81%
mixtera/core/datacollection/datasets/dataset.py                                27      5    81%
mixtera/core/datacollection/datasets/jsonl_dataset.py                          62      9    85%
mixtera/core/datacollection/index/metadata_parser.py                           15      2    87%
mixtera/core/datacollection/index/parser_collection.py                         48     11    77%
mixtera/core/datacollection/local/local_collection.py                         232     44    81%
mixtera/core/datacollection/property.py                                         7      0   100%
mixtera/core/datacollection/property_type.py                                    4      0   100%
mixtera/core/processing/execution_mode.py                                       4      0   100%
mixtera/core/processing/property_calculation/executor.py                       22      2    91%
mixtera/core/processing/property_calculation/local_executor.py                 74      5    93%
mixtera/core/query/operators/_base.py                                          29      0   100%
mixtera/core/query/operators/materialize.py                                    15      0   100%
mixtera/core/query/operators/select.py                                         48      7    85%
mixtera/core/query/operators/union.py                                          15      0   100%
mixtera/core/query/query.py                                                    64      0   100%
mixtera/tests/core/datacollection/datasets/test_dataset.py                      0      0   100%
mixtera/tests/core/datacollection/datasets/test_jsonl_dataset.py               53      6    89%
mixtera/tests/core/datacollection/index/test_parser_collection.py              41      0   100%
mixtera/tests/core/datacollection/local/test_local_collection.py              317      1    99%
mixtera/tests/core/datacollection/test_data_collection.py                      19      0   100%
mixtera/tests/core/datacollection/test_property_type.py                         7      0   100%
mixtera/tests/core/processing/property_calculation/test_executor.py            22      0   100%
mixtera/tests/core/processing/property_calculation/test_local_executor.py      75      0   100%
mixtera/tests/core/processing/test_execution_mode.py                            7      0   100%
mixtera/tests/core/query/operators/test_base.py                                36      0   100%
mixtera/tests/core/query/operators/test_materialize.py                         39      0   100%
mixtera/tests/core/query/operators/test_select.py                              66      0   100%
mixtera/tests/core/query/operators/test_union.py                               26      0   100%
mixtera/tests/core/query/test_e2e.py                                           49      2    96%
mixtera/tests/core/query/test_query.py                                         84      1    99%
mixtera/tests/utils/test_utils.py                                              31      0   100%
mixtera/utils/utils.py                                                         32      0   100%
-----------------------------------------------------------------------------------------------
TOTAL                                                                        1629    108    93%
Coverage HTML written to dir htmlcov


============================== 94 passed in 2.10s ==============================
